ERROR - 2023-09-29 11:57:10 --> Error connecting to the database: mysqli_sql_exception: Unknown database 'music_player' in C:\laragon\www\Lab2JP\system\Database\MySQLi\Connection.php:185
Stack trace:
#0 C:\laragon\www\Lab2JP\system\Database\MySQLi\Connection.php(185): mysqli->real_connect('localhost', 'root', '', 'music_player', 3306, '', 0)
#1 C:\laragon\www\Lab2JP\system\Database\BaseConnection.php(391): CodeIgniter\Database\MySQLi\Connection->connect(false)
#2 C:\laragon\www\Lab2JP\system\Database\BaseConnection.php(574): CodeIgniter\Database\BaseConnection->initialize()
#3 C:\laragon\www\Lab2JP\system\Database\BaseBuilder.php(1615): CodeIgniter\Database\BaseConnection->query('SELECT *\nFROM `...', Array, false)
#4 C:\laragon\www\Lab2JP\system\Model.php(237): CodeIgniter\Database\BaseBuilder->get()
#5 C:\laragon\www\Lab2JP\system\BaseModel.php(624): CodeIgniter\Model->doFindAll(0, 0)
#6 C:\laragon\www\Lab2JP\app\Controllers\MusicController.php(26): CodeIgniter\BaseModel->findAll()
#7 C:\laragon\www\Lab2JP\system\CodeIgniter.php(919): App\Controllers\MusicController->index()
#8 C:\laragon\www\Lab2JP\system\CodeIgniter.php(494): CodeIgniter\CodeIgniter->runController(Object(App\Controllers\MusicController))
#9 C:\laragon\www\Lab2JP\system\CodeIgniter.php(353): CodeIgniter\CodeIgniter->handleRequest(NULL, Object(Config\Cache), false)
#10 C:\laragon\www\Lab2JP\public\index.php(79): CodeIgniter\CodeIgniter->run()
#11 C:\laragon\www\Lab2JP\system\Commands\Server\rewrite.php(47): require_once('C:\\laragon\\www\\...')
#12 {main}

Next CodeIgniter\Database\Exceptions\DatabaseException: Unknown database 'music_player' in C:\laragon\www\Lab2JP\system\Database\MySQLi\Connection.php:229
Stack trace:
#0 C:\laragon\www\Lab2JP\system\Database\BaseConnection.php(391): CodeIgniter\Database\MySQLi\Connection->connect(false)
#1 C:\laragon\www\Lab2JP\system\Database\BaseConnection.php(574): CodeIgniter\Database\BaseConnection->initialize()
#2 C:\laragon\www\Lab2JP\system\Database\BaseBuilder.php(1615): CodeIgniter\Database\BaseConnection->query('SELECT *\nFROM `...', Array, false)
#3 C:\laragon\www\Lab2JP\system\Model.php(237): CodeIgniter\Database\BaseBuilder->get()
#4 C:\laragon\www\Lab2JP\system\BaseModel.php(624): CodeIgniter\Model->doFindAll(0, 0)
#5 C:\laragon\www\Lab2JP\app\Controllers\MusicController.php(26): CodeIgniter\BaseModel->findAll()
#6 C:\laragon\www\Lab2JP\system\CodeIgniter.php(919): App\Controllers\MusicController->index()
#7 C:\laragon\www\Lab2JP\system\CodeIgniter.php(494): CodeIgniter\CodeIgniter->runController(Object(App\Controllers\MusicController))
#8 C:\laragon\www\Lab2JP\system\CodeIgniter.php(353): CodeIgniter\CodeIgniter->handleRequest(NULL, Object(Config\Cache), false)
#9 C:\laragon\www\Lab2JP\public\index.php(79): CodeIgniter\CodeIgniter->run()
#10 C:\laragon\www\Lab2JP\system\Commands\Server\rewrite.php(47): require_once('C:\\laragon\\www\\...')
#11 {main}
CRITICAL - 2023-09-29 11:57:10 --> Unable to connect to the database.
Main connection [MySQLi]: Unknown database 'music_player'
in SYSTEMPATH\Database\BaseConnection.php on line 427.
 1 SYSTEMPATH\Database\BaseConnection.php(574): CodeIgniter\Database\BaseConnection->initialize()
 2 SYSTEMPATH\Database\BaseBuilder.php(1615): CodeIgniter\Database\BaseConnection->query('SELECT *
FROM `playlists`', [], false)
 3 SYSTEMPATH\Model.php(237): CodeIgniter\Database\BaseBuilder->get()
 4 SYSTEMPATH\BaseModel.php(624): CodeIgniter\Model->doFindAll(0, 0)
 5 APPPATH\Controllers\MusicController.php(26): CodeIgniter\BaseModel->findAll()
 6 SYSTEMPATH\CodeIgniter.php(919): App\Controllers\MusicController->index()
 7 SYSTEMPATH\CodeIgniter.php(494): CodeIgniter\CodeIgniter->runController(Object(App\Controllers\MusicController))
 8 SYSTEMPATH\CodeIgniter.php(353): CodeIgniter\CodeIgniter->handleRequest(null, Object(Config\Cache), false)
 9 FCPATH\index.php(79): CodeIgniter\CodeIgniter->run()
10 SYSTEMPATH\Commands\Server\rewrite.php(47): require_once('C:\\laragon\\www\\Lab2JP\\public\\index.php')
CRITICAL - 2023-09-29 12:36:22 --> Undefined variable $background
in APPPATH\Views\MainMusic.php on line 22.
 1 APPPATH\Views\MainMusic.php(22): CodeIgniter\Debug\Exceptions->errorHandler(2, 'Undefined variable $background', 'C:\\laragon\\www\\Lab2JP\\app\\Views\\MainMusic.php', 22)
 2 SYSTEMPATH\View\View.php(226): include('C:\\laragon\\www\\Lab2JP\\app\\Views\\MainMusic.php')
 3 SYSTEMPATH\View\View.php(229): CodeIgniter\View\View->CodeIgniter\View\{closure}()
 4 SYSTEMPATH\Common.php(1188): CodeIgniter\View\View->render('MainMusic', [], true)
 5 APPPATH\Controllers\MusicController.php(28): view('MainMusic', [...])
 6 SYSTEMPATH\CodeIgniter.php(919): App\Controllers\MusicController->index()
 7 SYSTEMPATH\CodeIgniter.php(494): CodeIgniter\CodeIgniter->runController(Object(App\Controllers\MusicController))
 8 SYSTEMPATH\CodeIgniter.php(353): CodeIgniter\CodeIgniter->handleRequest(null, Object(Config\Cache), false)
 9 FCPATH\index.php(79): CodeIgniter\CodeIgniter->run()
10 SYSTEMPATH\Commands\Server\rewrite.php(47): require_once('C:\\laragon\\www\\Lab2JP\\public\\index.php')
CRITICAL - 2023-09-29 12:36:42 --> Undefined constant "jpg"
in APPPATH\Views\MainMusic.php on line 22.
 1 SYSTEMPATH\View\View.php(226): include()
 2 SYSTEMPATH\View\View.php(229): CodeIgniter\View\View->CodeIgniter\View\{closure}()
 3 SYSTEMPATH\Common.php(1188): CodeIgniter\View\View->render('MainMusic', [], true)
 4 APPPATH\Controllers\MusicController.php(28): view('MainMusic', [...])
 5 SYSTEMPATH\CodeIgniter.php(919): App\Controllers\MusicController->index()
 6 SYSTEMPATH\CodeIgniter.php(494): CodeIgniter\CodeIgniter->runController(Object(App\Controllers\MusicController))
 7 SYSTEMPATH\CodeIgniter.php(353): CodeIgniter\CodeIgniter->handleRequest(null, Object(Config\Cache), false)
 8 FCPATH\index.php(79): CodeIgniter\CodeIgniter->run()
 9 SYSTEMPATH\Commands\Server\rewrite.php(47): require_once('C:\\laragon\\www\\Lab2JP\\public\\index.php')
CRITICAL - 2023-09-29 12:36:44 --> Undefined constant "jpg"
in APPPATH\Views\MainMusic.php on line 22.
 1 SYSTEMPATH\View\View.php(226): include()
 2 SYSTEMPATH\View\View.php(229): CodeIgniter\View\View->CodeIgniter\View\{closure}()
 3 SYSTEMPATH\Common.php(1188): CodeIgniter\View\View->render('MainMusic', [], true)
 4 APPPATH\Controllers\MusicController.php(28): view('MainMusic', [...])
 5 SYSTEMPATH\CodeIgniter.php(919): App\Controllers\MusicController->index()
 6 SYSTEMPATH\CodeIgniter.php(494): CodeIgniter\CodeIgniter->runController(Object(App\Controllers\MusicController))
 7 SYSTEMPATH\CodeIgniter.php(353): CodeIgniter\CodeIgniter->handleRequest(null, Object(Config\Cache), false)
 8 FCPATH\index.php(79): CodeIgniter\CodeIgniter->run()
 9 SYSTEMPATH\Commands\Server\rewrite.php(47): require_once('C:\\laragon\\www\\Lab2JP\\public\\index.php')
CRITICAL - 2023-09-29 12:39:38 --> Undefined variable $background
in APPPATH\Views\MainMusic.php on line 22.
 1 APPPATH\Views\MainMusic.php(22): CodeIgniter\Debug\Exceptions->errorHandler(2, 'Undefined variable $background', 'C:\\laragon\\www\\Lab2JP\\app\\Views\\MainMusic.php', 22)
 2 SYSTEMPATH\View\View.php(226): include('C:\\laragon\\www\\Lab2JP\\app\\Views\\MainMusic.php')
 3 SYSTEMPATH\View\View.php(229): CodeIgniter\View\View->CodeIgniter\View\{closure}()
 4 SYSTEMPATH\Common.php(1188): CodeIgniter\View\View->render('MainMusic', [], true)
 5 APPPATH\Controllers\MusicController.php(28): view('MainMusic', [...])
 6 SYSTEMPATH\CodeIgniter.php(919): App\Controllers\MusicController->index()
 7 SYSTEMPATH\CodeIgniter.php(494): CodeIgniter\CodeIgniter->runController(Object(App\Controllers\MusicController))
 8 SYSTEMPATH\CodeIgniter.php(353): CodeIgniter\CodeIgniter->handleRequest(null, Object(Config\Cache), false)
 9 FCPATH\index.php(79): CodeIgniter\CodeIgniter->run()
10 SYSTEMPATH\Commands\Server\rewrite.php(47): require_once('C:\\laragon\\www\\Lab2JP\\public\\index.php')
